[ 2013-10-29T00:00:57+08:00 ] 127.0.0.1 /
INFO: [ app_begin ] --START--
INFO: ReadHtmlCache Behavior ::run [ RunTime:0.000622s ]
INFO: [ app_begin ] --END-- [ RunTime:0.000712s ]

[ 2013-10-29T00:01:03+08:00 ] 127.0.0.1 /Index/Register
INFO: [ route_check ] --START--
INFO: CheckRoute Behavior ::run [ RunTime:0.000721s ]
INFO: [ route_check ] --END-- [ RunTime:0.000821s ]
INFO: [ app_begin ] --START--
INFO: ReadHtmlCache Behavior ::run [ RunTime:0.000433s ]
INFO: [ app_begin ] --END-- [ RunTime:0.000494s ]

[ 2013-10-29T00:03:23+08:00 ] 127.0.0.1 /Index/Register
INFO: [ route_check ] --START--
INFO: CheckRoute Behavior ::run [ RunTime:0.000783s ]
INFO: [ route_check ] --END-- [ RunTime:0.000874s ]
INFO: [ app_begin ] --START--
INFO: ReadHtmlCache Behavior ::run [ RunTime:0.000493s ]
INFO: [ app_begin ] --END-- [ RunTime:0.000560s ]

[ 2013-10-29T00:05:16+08:00 ] 127.0.0.1 /Index/Register
INFO: [ route_check ] --START--
INFO: CheckRoute Behavior ::run [ RunTime:0.000609s ]
INFO: [ route_check ] --END-- [ RunTime:0.000702s ]
INFO: [ app_begin ] --START--
INFO: ReadHtmlCache Behavior ::run [ RunTime:0.000413s ]
INFO: [ app_begin ] --END-- [ RunTime:0.000473s ]

[ 2013-10-29T00:06:39+08:00 ] 127.0.0.1 /Index/Register
INFO: [ route_check ] --START--
INFO: CheckRoute Behavior ::run [ RunTime:0.000848s ]
INFO: [ route_check ] --END-- [ RunTime:0.001007s ]
INFO: [ app_begin ] --START--
INFO: ReadHtmlCache Behavior ::run [ RunTime:0.000512s ]
INFO: [ app_begin ] --END-- [ RunTime:0.000578s ]

[ 2013-10-29T00:06:46+08:00 ] 127.0.0.1 /api/Register
INFO: [ route_check ] --START--
INFO: CheckRoute Behavior ::run [ RunTime:0.000742s ]
INFO: [ route_check ] --END-- [ RunTime:0.000837s ]
INFO: [ app_begin ] --START--
INFO: ReadHtmlCache Behavior ::run [ RunTime:0.000452s ]
INFO: [ app_begin ] --END-- [ RunTime:0.000515s ]
ERR: 非法操作:register

[ 2013-10-29T00:06:51+08:00 ] 127.0.0.1 /api/index
INFO: [ route_check ] --START--
INFO: CheckRoute Behavior ::run [ RunTime:0.000629s ]
INFO: [ route_check ] --END-- [ RunTime:0.000720s ]
INFO: [ app_begin ] --START--
INFO: ReadHtmlCache Behavior ::run [ RunTime:0.000419s ]
INFO: [ app_begin ] --END-- [ RunTime:0.000479s ]

[ 2013-10-29T00:07:26+08:00 ] 127.0.0.1 /WebService/Index
INFO: [ route_check ] --START--
INFO: CheckRoute Behavior ::run [ RunTime:0.000630s ]
INFO: [ route_check ] --END-- [ RunTime:0.000718s ]
INFO: [ app_begin ] --START--
INFO: ReadHtmlCache Behavior ::run [ RunTime:0.000416s ]
INFO: [ app_begin ] --END-- [ RunTime:0.000477s ]

[ 2013-10-29T00:07:39+08:00 ] 127.0.0.1 /WebService/Index
INFO: [ route_check ] --START--
INFO: CheckRoute Behavior ::run [ RunTime:0.000631s ]
INFO: [ route_check ] --END-- [ RunTime:0.000724s ]
INFO: [ app_begin ] --START--
INFO: ReadHtmlCache Behavior ::run [ RunTime:0.000418s ]
INFO: [ app_begin ] --END-- [ RunTime:0.000478s ]
NOTIC: [2] SoapServer::setClass() [<a href='soapserver.setclass'>soapserver.setclass</a>]: Tried to set a non existant class (NgocnCenterService) D:\WWW\center\Lib\Action\WebServiceAction.class.php 第 7 行.

[ 2013-10-29T00:07:42+08:00 ] 127.0.0.1 /WebService/Index
INFO: [ route_check ] --START--
INFO: CheckRoute Behavior ::run [ RunTime:0.000609s ]
INFO: [ route_check ] --END-- [ RunTime:0.000697s ]
INFO: [ app_begin ] --START--
INFO: ReadHtmlCache Behavior ::run [ RunTime:0.000415s ]
INFO: [ app_begin ] --END-- [ RunTime:0.000475s ]
NOTIC: [2] SoapServer::setClass() [<a href='soapserver.setclass'>soapserver.setclass</a>]: Tried to set a non existant class (NgocnCenterService) D:\WWW\center\Lib\Action\WebServiceAction.class.php 第 7 行.

[ 2013-10-29T00:08:00+08:00 ] 127.0.0.1 /WebService/Index
INFO: [ route_check ] --START--
INFO: CheckRoute Behavior ::run [ RunTime:0.002576s ]
INFO: [ route_check ] --END-- [ RunTime:0.002860s ]
INFO: [ app_begin ] --START--
INFO: ReadHtmlCache Behavior ::run [ RunTime:0.001606s ]
INFO: [ app_begin ] --END-- [ RunTime:0.001848s ]
NOTIC: [2] SoapServer::setClass() [<a href='soapserver.setclass'>soapserver.setclass</a>]: Tried to set a non existant class (NgocnCenterService) D:\WWW\center\Lib\Action\WebServiceAction.class.php 第 7 行.

[ 2013-10-29T00:08:02+08:00 ] 127.0.0.1 /WebService/Index
INFO: [ route_check ] --START--
INFO: CheckRoute Behavior ::run [ RunTime:0.000629s ]
INFO: [ route_check ] --END-- [ RunTime:0.000720s ]
INFO: [ app_begin ] --START--
INFO: ReadHtmlCache Behavior ::run [ RunTime:0.000426s ]
INFO: [ app_begin ] --END-- [ RunTime:0.000486s ]
NOTIC: [2] SoapServer::setClass() [<a href='soapserver.setclass'>soapserver.setclass</a>]: Tried to set a non existant class (NgocnCenterService) D:\WWW\center\Lib\Action\WebServiceAction.class.php 第 7 行.

[ 2013-10-29T00:08:05+08:00 ] 127.0.0.1 /WebService/Index
INFO: [ route_check ] --START--
INFO: CheckRoute Behavior ::run [ RunTime:0.000675s ]
INFO: [ route_check ] --END-- [ RunTime:0.000767s ]
INFO: [ app_begin ] --START--
INFO: ReadHtmlCache Behavior ::run [ RunTime:0.000428s ]
INFO: [ app_begin ] --END-- [ RunTime:0.000489s ]
NOTIC: [2] SoapServer::setClass() [<a href='soapserver.setclass'>soapserver.setclass</a>]: Tried to set a non existant class (NgocnCenterService) D:\WWW\center\Lib\Action\WebServiceAction.class.php 第 7 行.

[ 2013-10-29T00:08:06+08:00 ] 127.0.0.1 /WebService/Index
INFO: [ route_check ] --START--
INFO: CheckRoute Behavior ::run [ RunTime:0.000879s ]
INFO: [ route_check ] --END-- [ RunTime:0.001005s ]
INFO: [ app_begin ] --START--
INFO: ReadHtmlCache Behavior ::run [ RunTime:0.000623s ]
INFO: [ app_begin ] --END-- [ RunTime:0.000724s ]
NOTIC: [2] SoapServer::setClass() [<a href='soapserver.setclass'>soapserver.setclass</a>]: Tried to set a non existant class (NgocnCenterService) D:\WWW\center\Lib\Action\WebServiceAction.class.php 第 7 行.

[ 2013-10-29T00:08:08+08:00 ] 127.0.0.1 /WebService/Index
INFO: [ route_check ] --START--
INFO: CheckRoute Behavior ::run [ RunTime:0.000636s ]
INFO: [ route_check ] --END-- [ RunTime:0.000729s ]
INFO: [ app_begin ] --START--
INFO: ReadHtmlCache Behavior ::run [ RunTime:0.000441s ]
INFO: [ app_begin ] --END-- [ RunTime:0.000499s ]
NOTIC: [2] SoapServer::setClass() [<a href='soapserver.setclass'>soapserver.setclass</a>]: Tried to set a non existant class (NgocnCenterService) D:\WWW\center\Lib\Action\WebServiceAction.class.php 第 7 行.

[ 2013-10-29T00:08:09+08:00 ] 127.0.0.1 /WebService/Index
INFO: [ route_check ] --START--
INFO: CheckRoute Behavior ::run [ RunTime:0.000632s ]
INFO: [ route_check ] --END-- [ RunTime:0.000730s ]
INFO: [ app_begin ] --START--
INFO: ReadHtmlCache Behavior ::run [ RunTime:0.000453s ]
INFO: [ app_begin ] --END-- [ RunTime:0.000513s ]
NOTIC: [2] SoapServer::setClass() [<a href='soapserver.setclass'>soapserver.setclass</a>]: Tried to set a non existant class (NgocnCenterService) D:\WWW\center\Lib\Action\WebServiceAction.class.php 第 7 行.

[ 2013-10-29T00:08:30+08:00 ] 127.0.0.1 /WebService/Index
INFO: [ route_check ] --START--
INFO: CheckRoute Behavior ::run [ RunTime:0.000616s ]
INFO: [ route_check ] --END-- [ RunTime:0.000701s ]
INFO: [ app_begin ] --START--
INFO: ReadHtmlCache Behavior ::run [ RunTime:0.000503s ]
INFO: [ app_begin ] --END-- [ RunTime:0.000588s ]
NOTIC: [2] SoapServer::setClass() [<a href='soapserver.setclass'>soapserver.setclass</a>]: Tried to set a non existant class (NgocnCenterService) D:\WWW\center\Lib\Action\WebServiceAction.class.php 第 7 行.

[ 2013-10-29T00:09:20+08:00 ] 127.0.0.1 /WebService/Index
INFO: [ route_check ] --START--
INFO: CheckRoute Behavior ::run [ RunTime:0.000807s ]
INFO: [ route_check ] --END-- [ RunTime:0.000905s ]
INFO: [ app_begin ] --START--
INFO: ReadHtmlCache Behavior ::run [ RunTime:0.000654s ]
INFO: [ app_begin ] --END-- [ RunTime:0.000735s ]
NOTIC: [2] SoapServer::setClass() [<a href='soapserver.setclass'>soapserver.setclass</a>]: Tried to set a non existant class (NgocnCenterService) D:\WWW\center\Lib\Action\WebServiceAction.class.php 第 7 行.

[ 2013-10-29T00:09:22+08:00 ] 127.0.0.1 /WebService/Index
INFO: [ route_check ] --START--
INFO: CheckRoute Behavior ::run [ RunTime:0.000636s ]
INFO: [ route_check ] --END-- [ RunTime:0.000732s ]
INFO: [ app_begin ] --START--
INFO: ReadHtmlCache Behavior ::run [ RunTime:0.000438s ]
INFO: [ app_begin ] --END-- [ RunTime:0.000499s ]
NOTIC: [2] SoapServer::setClass() [<a href='soapserver.setclass'>soapserver.setclass</a>]: Tried to set a non existant class (NgocnCenterService) D:\WWW\center\Lib\Action\WebServiceAction.class.php 第 7 行.

[ 2013-10-29T00:09:41+08:00 ] 127.0.0.1 /WebService/Index
INFO: [ route_check ] --START--
INFO: CheckRoute Behavior ::run [ RunTime:0.002745s ]
INFO: [ route_check ] --END-- [ RunTime:0.003014s ]
INFO: [ app_begin ] --START--
INFO: ReadHtmlCache Behavior ::run [ RunTime:0.003477s ]
INFO: [ app_begin ] --END-- [ RunTime:0.003855s ]
NOTIC: [2] SoapServer::setClass() [<a href='soapserver.setclass'>soapserver.setclass</a>]: Tried to set a non existant class (NgocnCenterService) D:\WWW\center\Lib\Action\WebServiceAction.class.php 第 7 行.

[ 2013-10-29T00:16:34+08:00 ] 127.0.0.1 /WebService/Index
INFO: [ route_check ] --START--
INFO: CheckRoute Behavior ::run [ RunTime:0.005483s ]
INFO: [ route_check ] --END-- [ RunTime:0.005830s ]
INFO: [ app_begin ] --START--
INFO: ReadHtmlCache Behavior ::run [ RunTime:0.000999s ]
INFO: [ app_begin ] --END-- [ RunTime:0.001117s ]

[ 2013-10-29T00:22:28+08:00 ] 127.0.0.1 /WebService/Index
INFO: [ route_check ] --START--
INFO: CheckRoute Behavior ::run [ RunTime:0.000805s ]
INFO: [ route_check ] --END-- [ RunTime:0.000901s ]
INFO: [ app_begin ] --START--
INFO: ReadHtmlCache Behavior ::run [ RunTime:0.000491s ]
INFO: [ app_begin ] --END-- [ RunTime:0.000553s ]
NOTIC: [2] SoapServer::setClass() [<a href='soapserver.setclass'>soapserver.setclass</a>]: Tried to set a non existant class (NgocnCenterService) D:\WWW\center\Lib\Action\WebServiceAction.class.php 第 7 行.

[ 2013-10-29T00:22:48+08:00 ] 127.0.0.1 /WebService/Index
INFO: [ route_check ] --START--
INFO: CheckRoute Behavior ::run [ RunTime:0.004219s ]
INFO: [ route_check ] --END-- [ RunTime:0.004665s ]
INFO: [ app_begin ] --START--
INFO: ReadHtmlCache Behavior ::run [ RunTime:0.002681s ]
INFO: [ app_begin ] --END-- [ RunTime:0.003012s ]
NOTIC: [2] SoapServer::setClass() [<a href='soapserver.setclass'>soapserver.setclass</a>]: Tried to set a non existant class (NgocnCenterService) D:\WWW\center\Lib\Action\WebServiceAction.class.php 第 7 行.

[ 2013-10-29T00:28:32+08:00 ] 127.0.0.1 /WebService/Index
INFO: [ route_check ] --START--
INFO: CheckRoute Behavior ::run [ RunTime:0.000780s ]
INFO: [ route_check ] --END-- [ RunTime:0.000875s ]
INFO: [ app_begin ] --START--
INFO: ReadHtmlCache Behavior ::run [ RunTime:0.000505s ]
INFO: [ app_begin ] --END-- [ RunTime:0.000569s ]
NOTIC: [2] SoapServer::setClass() [<a href='soapserver.setclass'>soapserver.setclass</a>]: Tried to set a non existant class (NgocnCenterService) D:\WWW\center\Lib\Action\WebServiceAction.class.php 第 7 行.

[ 2013-10-29T00:29:32+08:00 ] 127.0.0.1 /WebService/Index
INFO: [ route_check ] --START--
INFO: CheckRoute Behavior ::run [ RunTime:0.002672s ]
INFO: [ route_check ] --END-- [ RunTime:0.002981s ]
INFO: [ app_begin ] --START--
INFO: ReadHtmlCache Behavior ::run [ RunTime:0.001963s ]
INFO: [ app_begin ] --END-- [ RunTime:0.002168s ]
NOTIC: [2] SoapServer::setClass() [<a href='soapserver.setclass'>soapserver.setclass</a>]: Tried to set a non existant class (NgocnCenterService) D:\WWW\center\Lib\Action\WebServiceAction.class.php 第 7 行.

[ 2013-10-29T00:30:24+08:00 ] 127.0.0.1 /WebService/Index
INFO: [ route_check ] --START--
INFO: CheckRoute Behavior ::run [ RunTime:0.000706s ]
INFO: [ route_check ] --END-- [ RunTime:0.000800s ]
INFO: [ app_begin ] --START--
INFO: ReadHtmlCache Behavior ::run [ RunTime:0.000448s ]
INFO: [ app_begin ] --END-- [ RunTime:0.000511s ]
NOTIC: [2] SoapServer::setClass() [<a href='soapserver.setclass'>soapserver.setclass</a>]: Tried to set a non existant class (NgocnCenterService) D:\WWW\center\Lib\Action\WebServiceAction.class.php 第 7 行.

[ 2013-10-29T00:37:59+08:00 ] 127.0.0.1 /WebService/Index
INFO: [ route_check ] --START--
INFO: CheckRoute Behavior ::run [ RunTime:0.001933s ]
INFO: [ route_check ] --END-- [ RunTime:0.002169s ]
INFO: [ app_begin ] --START--
INFO: ReadHtmlCache Behavior ::run [ RunTime:0.000989s ]
INFO: [ app_begin ] --END-- [ RunTime:0.001110s ]
NOTIC: [2] SoapServer::setClass() [<a href='soapserver.setclass'>soapserver.setclass</a>]: Tried to set a non existant class (NgocnCenterService) D:\WWW\center\Lib\Action\WebServiceAction.class.php 第 7 行.

[ 2013-10-29T00:40:09+08:00 ] 127.0.0.1 /WebService/Index
INFO: [ route_check ] --START--
INFO: CheckRoute Behavior ::run [ RunTime:0.002621s ]
INFO: [ route_check ] --END-- [ RunTime:0.002904s ]
INFO: [ app_begin ] --START--
INFO: ReadHtmlCache Behavior ::run [ RunTime:0.001753s ]
INFO: [ app_begin ] --END-- [ RunTime:0.001952s ]
NOTIC: [2] SoapServer::setClass() [<a href='soapserver.setclass'>soapserver.setclass</a>]: Tried to set a non existant class (NgocnCenterService) D:\WWW\center\Lib\Action\WebServiceAction.class.php 第 7 行.

[ 2013-10-29T00:47:32+08:00 ] 127.0.0.1 /WebService/Index
INFO: [ route_check ] --START--
INFO: CheckRoute Behavior ::run [ RunTime:0.001207s ]
INFO: [ route_check ] --END-- [ RunTime:0.001335s ]
INFO: [ app_begin ] --START--
INFO: ReadHtmlCache Behavior ::run [ RunTime:0.000995s ]
INFO: [ app_begin ] --END-- [ RunTime:0.001227s ]
NOTIC: [2] SoapServer::setClass() [<a href='soapserver.setclass'>soapserver.setclass</a>]: Tried to set a non existant class (NgocnCenterService) D:\WWW\center\Lib\Action\WebServiceAction.class.php 第 7 行.

[ 2013-10-29T00:47:32+08:00 ] 127.0.0.1 /WebService/Index
INFO: [ route_check ] --START--
INFO: CheckRoute Behavior ::run [ RunTime:0.000766s ]
INFO: [ route_check ] --END-- [ RunTime:0.000855s ]
INFO: [ app_begin ] --START--
INFO: ReadHtmlCache Behavior ::run [ RunTime:0.000505s ]
INFO: [ app_begin ] --END-- [ RunTime:0.000566s ]
NOTIC: [2] SoapServer::setClass() [<a href='soapserver.setclass'>soapserver.setclass</a>]: Tried to set a non existant class (NgocnCenterService) D:\WWW\center\Lib\Action\WebServiceAction.class.php 第 7 行.

[ 2013-10-29T00:49:46+08:00 ] 127.0.0.1 /WebService/Index
INFO: [ route_check ] --START--
INFO: CheckRoute Behavior ::run [ RunTime:0.002568s ]
INFO: [ route_check ] --END-- [ RunTime:0.002849s ]
INFO: [ app_begin ] --START--
INFO: ReadHtmlCache Behavior ::run [ RunTime:0.002317s ]
INFO: [ app_begin ] --END-- [ RunTime:0.002535s ]
NOTIC: [2] SoapServer::setClass() [<a href='soapserver.setclass'>soapserver.setclass</a>]: Tried to set a non existant class (NgocnCenterService) D:\WWW\center\Lib\Action\WebServiceAction.class.php 第 7 行.

[ 2013-10-29T00:53:52+08:00 ] 127.0.0.1 /WebService/Index
INFO: [ route_check ] --START--
INFO: CheckRoute Behavior ::run [ RunTime:0.002353s ]
INFO: [ route_check ] --END-- [ RunTime:0.002566s ]
INFO: [ app_begin ] --START--
INFO: ReadHtmlCache Behavior ::run [ RunTime:0.001188s ]
INFO: [ app_begin ] --END-- [ RunTime:0.001325s ]
NOTIC: [2] SoapServer::setClass() [<a href='soapserver.setclass'>soapserver.setclass</a>]: Tried to set a non existant class (NgocnCenterService) D:\WWW\center\Lib\Action\WebServiceAction.class.php 第 7 行.

[ 2013-10-29T00:53:52+08:00 ] 127.0.0.1 /WebService/Index
INFO: [ route_check ] --START--
INFO: CheckRoute Behavior ::run [ RunTime:0.000666s ]
INFO: [ route_check ] --END-- [ RunTime:0.000752s ]
INFO: [ app_begin ] --START--
INFO: ReadHtmlCache Behavior ::run [ RunTime:0.000427s ]
INFO: [ app_begin ] --END-- [ RunTime:0.000487s ]
NOTIC: [2] SoapServer::setClass() [<a href='soapserver.setclass'>soapserver.setclass</a>]: Tried to set a non existant class (NgocnCenterService) D:\WWW\center\Lib\Action\WebServiceAction.class.php 第 7 行.

[ 2013-10-29T00:53:55+08:00 ] 127.0.0.1 /WebService/Index
INFO: [ route_check ] --START--
INFO: CheckRoute Behavior ::run [ RunTime:0.000684s ]
INFO: [ route_check ] --END-- [ RunTime:0.000779s ]
INFO: [ app_begin ] --START--
INFO: ReadHtmlCache Behavior ::run [ RunTime:0.000440s ]
INFO: [ app_begin ] --END-- [ RunTime:0.000502s ]
NOTIC: [2] SoapServer::setClass() [<a href='soapserver.setclass'>soapserver.setclass</a>]: Tried to set a non existant class (NgocnCenterService) D:\WWW\center\Lib\Action\WebServiceAction.class.php 第 7 行.

[ 2013-10-29T00:55:29+08:00 ] 127.0.0.1 /WebService/Index
INFO: [ route_check ] --START--
INFO: CheckRoute Behavior ::run [ RunTime:0.002465s ]
INFO: [ route_check ] --END-- [ RunTime:0.002740s ]
INFO: [ app_begin ] --START--
INFO: ReadHtmlCache Behavior ::run [ RunTime:0.001620s ]
INFO: [ app_begin ] --END-- [ RunTime:0.001815s ]
NOTIC: [2] SoapServer::setClass() [<a href='soapserver.setclass'>soapserver.setclass</a>]: Tried to set a non existant class (NgocnCenterService) D:\WWW\center\Lib\Action\WebServiceAction.class.php 第 7 行.

[ 2013-10-29T00:57:18+08:00 ] 127.0.0.1 /WebService/Index
INFO: [ route_check ] --START--
INFO: CheckRoute Behavior ::run [ RunTime:0.000780s ]
INFO: [ route_check ] --END-- [ RunTime:0.000873s ]
INFO: [ app_begin ] --START--
INFO: ReadHtmlCache Behavior ::run [ RunTime:0.000494s ]
INFO: [ app_begin ] --END-- [ RunTime:0.000556s ]
NOTIC: [2] SoapServer::setClass() [<a href='soapserver.setclass'>soapserver.setclass</a>]: Tried to set a non existant class (NgocnCenterService) D:\WWW\center\Lib\Action\WebServiceAction.class.php 第 7 行.

[ 2013-10-29T00:57:19+08:00 ] 127.0.0.1 /WebService/Index
INFO: [ route_check ] --START--
INFO: CheckRoute Behavior ::run [ RunTime:0.000653s ]
INFO: [ route_check ] --END-- [ RunTime:0.000749s ]
INFO: [ app_begin ] --START--
INFO: ReadHtmlCache Behavior ::run [ RunTime:0.000418s ]
INFO: [ app_begin ] --END-- [ RunTime:0.000485s ]
NOTIC: [2] SoapServer::setClass() [<a href='soapserver.setclass'>soapserver.setclass</a>]: Tried to set a non existant class (NgocnCenterService) D:\WWW\center\Lib\Action\WebServiceAction.class.php 第 7 行.

[ 2013-10-29T00:57:19+08:00 ] 127.0.0.1 /WebService/Index
INFO: [ route_check ] --START--
INFO: CheckRoute Behavior ::run [ RunTime:0.000669s ]
INFO: [ route_check ] --END-- [ RunTime:0.000755s ]
INFO: [ app_begin ] --START--
INFO: ReadHtmlCache Behavior ::run [ RunTime:0.000420s ]
INFO: [ app_begin ] --END-- [ RunTime:0.000479s ]
NOTIC: [2] SoapServer::setClass() [<a href='soapserver.setclass'>soapserver.setclass</a>]: Tried to set a non existant class (NgocnCenterService) D:\WWW\center\Lib\Action\WebServiceAction.class.php 第 7 行.

[ 2013-10-29T00:57:20+08:00 ] 127.0.0.1 /WebService/Index
INFO: [ route_check ] --START--
INFO: CheckRoute Behavior ::run [ RunTime:0.000663s ]
INFO: [ route_check ] --END-- [ RunTime:0.000755s ]
INFO: [ app_begin ] --START--
INFO: ReadHtmlCache Behavior ::run [ RunTime:0.000410s ]
INFO: [ app_begin ] --END-- [ RunTime:0.000484s ]
NOTIC: [2] SoapServer::setClass() [<a href='soapserver.setclass'>soapserver.setclass</a>]: Tried to set a non existant class (NgocnCenterService) D:\WWW\center\Lib\Action\WebServiceAction.class.php 第 7 行.

[ 2013-10-29T00:57:34+08:00 ] 127.0.0.1 /WebService/Index
INFO: [ route_check ] --START--
INFO: CheckRoute Behavior ::run [ RunTime:0.000675s ]
INFO: [ route_check ] --END-- [ RunTime:0.000770s ]
INFO: [ app_begin ] --START--
INFO: ReadHtmlCache Behavior ::run [ RunTime:0.000421s ]
INFO: [ app_begin ] --END-- [ RunTime:0.000481s ]
NOTIC: [2] SoapServer::setClass() [<a href='soapserver.setclass'>soapserver.setclass</a>]: Tried to set a non existant class (NgocnCenterService) D:\WWW\center\Lib\Action\WebServiceAction.class.php 第 7 行.

[ 2013-10-29T00:57:35+08:00 ] 127.0.0.1 /WebService/Index
INFO: [ route_check ] --START--
INFO: CheckRoute Behavior ::run [ RunTime:0.000661s ]
INFO: [ route_check ] --END-- [ RunTime:0.000754s ]
INFO: [ app_begin ] --START--
INFO: ReadHtmlCache Behavior ::run [ RunTime:0.000417s ]
INFO: [ app_begin ] --END-- [ RunTime:0.000478s ]
NOTIC: [2] SoapServer::setClass() [<a href='soapserver.setclass'>soapserver.setclass</a>]: Tried to set a non existant class (NgocnCenterService) D:\WWW\center\Lib\Action\WebServiceAction.class.php 第 7 行.

[ 2013-10-29T00:57:35+08:00 ] 127.0.0.1 /WebService/Index
INFO: [ route_check ] --START--
INFO: CheckRoute Behavior ::run [ RunTime:0.000654s ]
INFO: [ route_check ] --END-- [ RunTime:0.000743s ]
INFO: [ app_begin ] --START--
INFO: ReadHtmlCache Behavior ::run [ RunTime:0.000411s ]
INFO: [ app_begin ] --END-- [ RunTime:0.000472s ]
NOTIC: [2] SoapServer::setClass() [<a href='soapserver.setclass'>soapserver.setclass</a>]: Tried to set a non existant class (NgocnCenterService) D:\WWW\center\Lib\Action\WebServiceAction.class.php 第 7 行.

[ 2013-10-29T00:57:35+08:00 ] 127.0.0.1 /WebService/Index
INFO: [ route_check ] --START--
INFO: CheckRoute Behavior ::run [ RunTime:0.000656s ]
INFO: [ route_check ] --END-- [ RunTime:0.000742s ]
INFO: [ app_begin ] --START--
INFO: ReadHtmlCache Behavior ::run [ RunTime:0.000413s ]
INFO: [ app_begin ] --END-- [ RunTime:0.000473s ]
NOTIC: [2] SoapServer::setClass() [<a href='soapserver.setclass'>soapserver.setclass</a>]: Tried to set a non existant class (NgocnCenterService) D:\WWW\center\Lib\Action\WebServiceAction.class.php 第 7 行.

[ 2013-10-29T00:58:13+08:00 ] 127.0.0.1 /WebService/Index
INFO: [ route_check ] --START--
INFO: CheckRoute Behavior ::run [ RunTime:0.000984s ]
INFO: [ route_check ] --END-- [ RunTime:0.001109s ]
INFO: [ app_begin ] --START--
INFO: ReadHtmlCache Behavior ::run [ RunTime:0.000626s ]
INFO: [ app_begin ] --END-- [ RunTime:0.000718s ]

[ 2013-10-29T00:58:42+08:00 ] 127.0.0.1 /WebService/Index
INFO: [ route_check ] --START--
INFO: CheckRoute Behavior ::run [ RunTime:0.002541s ]
INFO: [ route_check ] --END-- [ RunTime:0.002874s ]
INFO: [ app_begin ] --START--
INFO: ReadHtmlCache Behavior ::run [ RunTime:0.001576s ]
INFO: [ app_begin ] --END-- [ RunTime:0.001767s ]

[ 2013-10-29T00:59:00+08:00 ] 127.0.0.1 /WebService/Index
INFO: [ route_check ] --START--
INFO: CheckRoute Behavior ::run [ RunTime:0.000833s ]
INFO: [ route_check ] --END-- [ RunTime:0.000929s ]
INFO: [ app_begin ] --START--
INFO: ReadHtmlCache Behavior ::run [ RunTime:0.000562s ]
INFO: [ app_begin ] --END-- [ RunTime:0.000669s ]

[ 2013-10-29T00:59:00+08:00 ] 127.0.0.1 /WebService/Index
INFO: [ route_check ] --START--
INFO: CheckRoute Behavior ::run [ RunTime:0.001001s ]
INFO: [ route_check ] --END-- [ RunTime:0.001135s ]
INFO: [ app_begin ] --START--
INFO: ReadHtmlCache Behavior ::run [ RunTime:0.000704s ]
INFO: [ app_begin ] --END-- [ RunTime:0.000798s ]

[ 2013-10-29T01:07:07+08:00 ] 127.0.0.1 /WebService/Index
INFO: [ route_check ] --START--
INFO: CheckRoute Behavior ::run [ RunTime:0.002549s ]
INFO: [ route_check ] --END-- [ RunTime:0.002892s ]
INFO: [ app_begin ] --START--
INFO: ReadHtmlCache Behavior ::run [ RunTime:0.001935s ]
INFO: [ app_begin ] --END-- [ RunTime:0.002228s ]

[ 2013-10-29T01:07:55+08:00 ] 127.0.0.1 /WebService/Index
INFO: [ route_check ] --START--
INFO: CheckRoute Behavior ::run [ RunTime:0.001962s ]
INFO: [ route_check ] --END-- [ RunTime:0.002170s ]
INFO: [ app_begin ] --START--
INFO: ReadHtmlCache Behavior ::run [ RunTime:0.001028s ]
INFO: [ app_begin ] --END-- [ RunTime:0.001152s ]

[ 2013-10-29T01:12:08+08:00 ] 127.0.0.1 /WebService/Index
INFO: [ route_check ] --START--
INFO: CheckRoute Behavior ::run [ RunTime:0.002591s ]
INFO: [ route_check ] --END-- [ RunTime:0.002868s ]
INFO: [ app_begin ] --START--
INFO: ReadHtmlCache Behavior ::run [ RunTime:0.001608s ]
INFO: [ app_begin ] --END-- [ RunTime:0.001800s ]

[ 2013-10-29T01:12:59+08:00 ] 127.0.0.1 /WebService/Index
INFO: [ route_check ] --START--
INFO: CheckRoute Behavior ::run [ RunTime:0.002743s ]
INFO: [ route_check ] --END-- [ RunTime:0.003031s ]
INFO: [ app_begin ] --START--
INFO: ReadHtmlCache Behavior ::run [ RunTime:0.001678s ]
INFO: [ app_begin ] --END-- [ RunTime:0.001882s ]

[ 2013-10-29T13:26:35+08:00 ] 127.0.0.1 /WebService/User
INFO: [ route_check ] --START--
INFO: CheckRoute Behavior ::run [ RunTime:0.001370s ]
INFO: [ route_check ] --END-- [ RunTime:0.001475s ]
INFO: [ app_begin ] --START--
INFO: ReadHtmlCache Behavior ::run [ RunTime:0.001265s ]
INFO: [ app_begin ] --END-- [ RunTime:0.001333s ]

[ 2013-10-29T17:15:43+08:00 ] 127.0.0.1 /
INFO: [ app_begin ] --START--
INFO: ReadHtmlCache Behavior ::run [ RunTime:0.002510s ]
INFO: [ app_begin ] --END-- [ RunTime:0.002616s ]

[ 2013-10-29T17:28:07+08:00 ] 127.0.0.1 /
INFO: [ app_begin ] --START--
INFO: ReadHtmlCache Behavior ::run [ RunTime:0.000773s ]
INFO: [ app_begin ] --END-- [ RunTime:0.000969s ]

[ 2013-10-29T17:35:01+08:00 ] 127.0.0.1 /
INFO: [ app_begin ] --START--
INFO: ReadHtmlCache Behavior ::run [ RunTime:0.000657s ]
INFO: [ app_begin ] --END-- [ RunTime:0.000772s ]

[ 2013-10-29T17:35:54+08:00 ] 127.0.0.1 /
INFO: [ app_begin ] --START--
INFO: ReadHtmlCache Behavior ::run [ RunTime:0.000557s ]
INFO: [ app_begin ] --END-- [ RunTime:0.000678s ]

[ 2013-10-29T17:36:55+08:00 ] 127.0.0.1 /
INFO: [ app_begin ] --START--
INFO: ReadHtmlCache Behavior ::run [ RunTime:0.000610s ]
INFO: [ app_begin ] --END-- [ RunTime:0.000739s ]

[ 2013-10-29T18:09:37+08:00 ] 127.0.0.1 /
INFO: [ app_begin ] --START--
INFO: ReadHtmlCache Behavior ::run [ RunTime:0.002794s ]
INFO: [ app_begin ] --END-- [ RunTime:0.003168s ]

[ 2013-10-29T18:10:23+08:00 ] 127.0.0.1 /
INFO: [ app_begin ] --START--
INFO: ReadHtmlCache Behavior ::run [ RunTime:0.000444s ]
INFO: [ app_begin ] --END-- [ RunTime:0.000537s ]

[ 2013-10-29T18:12:15+08:00 ] 127.0.0.1 /
INFO: [ app_begin ] --START--
INFO: ReadHtmlCache Behavior ::run [ RunTime:0.000598s ]
INFO: [ app_begin ] --END-- [ RunTime:0.000692s ]

[ 2013-10-29T18:12:31+08:00 ] 127.0.0.1 /
INFO: [ app_begin ] --START--
INFO: ReadHtmlCache Behavior ::run [ RunTime:0.000445s ]
INFO: [ app_begin ] --END-- [ RunTime:0.000537s ]

[ 2013-10-29T18:16:08+08:00 ] 127.0.0.1 /
INFO: [ app_begin ] --START--
INFO: ReadHtmlCache Behavior ::run [ RunTime:0.000721s ]
INFO: [ app_begin ] --END-- [ RunTime:0.000850s ]
SQL: SHOW COLUMNS FROM `center_user_statistics` [ RunTime:0.045383s ]
SQL: SELECT * FROM `center_user_statistics` WHERE ( month=201310 )  [ RunTime:0.000884s ]
SQL: SELECT * FROM `center_user_statistics` WHERE ( month=201309 )  [ RunTime:0.000756s ]
SQL: SELECT * FROM `center_user_statistics` LIMIT 1   [ RunTime:0.000682s ]

[ 2013-10-29T18:17:11+08:00 ] 127.0.0.1 /
INFO: [ app_begin ] --START--
INFO: ReadHtmlCache Behavior ::run [ RunTime:0.000727s ]
INFO: [ app_begin ] --END-- [ RunTime:0.000873s ]
SQL: SHOW COLUMNS FROM `center_user_statistics` [ RunTime:0.011339s ]
SQL: SELECT * FROM `center_user_statistics` WHERE ( month=201310 )  [ RunTime:0.001183s ]
SQL: SELECT * FROM `center_user_statistics` WHERE ( month=201309 )  [ RunTime:0.001409s ]
SQL: SELECT * FROM `center_user_statistics` LIMIT 1   [ RunTime:0.001084s ]

[ 2013-10-29T18:18:01+08:00 ] 127.0.0.1 /
INFO: [ app_begin ] --START--
INFO: ReadHtmlCache Behavior ::run [ RunTime:0.000628s ]
INFO: [ app_begin ] --END-- [ RunTime:0.000755s ]
SQL: SHOW COLUMNS FROM `center_user_statistics` [ RunTime:0.013029s ]
SQL: SELECT * FROM `center_user_statistics` WHERE ( month=201310 )  [ RunTime:0.001161s ]
SQL: SELECT * FROM `center_user_statistics` WHERE ( month=201309 )  [ RunTime:0.001043s ]
SQL: SELECT * FROM `center_user_statistics` LIMIT 1   [ RunTime:0.000937s ]

[ 2013-10-29T18:18:17+08:00 ] 127.0.0.1 /
INFO: [ app_begin ] --START--
INFO: ReadHtmlCache Behavior ::run [ RunTime:0.000715s ]
INFO: [ app_begin ] --END-- [ RunTime:0.000858s ]
SQL: SHOW COLUMNS FROM `center_user_statistics` [ RunTime:0.004132s ]
SQL: SELECT * FROM `center_user_statistics` WHERE ( month=201310 )  [ RunTime:0.000511s ]
SQL: SELECT * FROM `center_user_statistics` WHERE ( month=201309 )  [ RunTime:0.000427s ]
SQL: SELECT * FROM `center_user_statistics` LIMIT 1   [ RunTime:0.000629s ]

[ 2013-10-29T18:19:11+08:00 ] 127.0.0.1 /
INFO: [ app_begin ] --START--
INFO: ReadHtmlCache Behavior ::run [ RunTime:0.000472s ]
INFO: [ app_begin ] --END-- [ RunTime:0.000565s ]
SQL: SHOW COLUMNS FROM `center_user_statistics` [ RunTime:0.010613s ]
SQL: SELECT * FROM `center_user_statistics` WHERE ( month=201310 )  [ RunTime:0.001102s ]
SQL: SELECT * FROM `center_user_statistics` WHERE ( month=201309 )  [ RunTime:0.000823s ]
SQL: SELECT * FROM `center_user_statistics` LIMIT 1   [ RunTime:0.000828s ]

[ 2013-10-29T18:19:57+08:00 ] 127.0.0.1 /
INFO: [ app_begin ] --START--
INFO: ReadHtmlCache Behavior ::run [ RunTime:0.000462s ]
INFO: [ app_begin ] --END-- [ RunTime:0.000550s ]
SQL: SHOW COLUMNS FROM `center_user_statistics` [ RunTime:0.011560s ]
SQL: SELECT * FROM `center_user_statistics` WHERE ( month=201310 )  [ RunTime:0.001347s ]
SQL: SELECT * FROM `center_user_statistics` WHERE ( month=201309 )  [ RunTime:0.001025s ]

[ 2013-10-29T18:20:35+08:00 ] 127.0.0.1 /
INFO: [ app_begin ] --START--
INFO: ReadHtmlCache Behavior ::run [ RunTime:0.000624s ]
INFO: [ app_begin ] --END-- [ RunTime:0.000718s ]
SQL: SHOW COLUMNS FROM `center_user_statistics` [ RunTime:0.012036s ]
SQL: SELECT * FROM `center_user_statistics` WHERE ( month=201310 )  [ RunTime:0.001797s ]
SQL: SELECT * FROM `center_user_statistics` WHERE ( month=201309 )  [ RunTime:0.001505s ]

[ 2013-10-29T18:21:29+08:00 ] 127.0.0.1 /
INFO: [ app_begin ] --START--
INFO: ReadHtmlCache Behavior ::run [ RunTime:0.000460s ]
INFO: [ app_begin ] --END-- [ RunTime:0.000551s ]
SQL: SHOW COLUMNS FROM `center_user_statistics` [ RunTime:0.013899s ]
SQL: SELECT * FROM `center_user_statistics` WHERE ( month=201310 )  [ RunTime:0.001216s ]
SQL: SELECT * FROM `center_user_statistics` WHERE ( month=201309 )  [ RunTime:0.000959s ]
SQL: SELECT * FROM `center_user_statistics` LIMIT 1   [ RunTime:0.000771s ]

[ 2013-10-29T18:21:54+08:00 ] 127.0.0.1 /
INFO: [ app_begin ] --START--
INFO: ReadHtmlCache Behavior ::run [ RunTime:0.000447s ]
INFO: [ app_begin ] --END-- [ RunTime:0.000537s ]
SQL: SHOW COLUMNS FROM `center_user_statistics` [ RunTime:0.012782s ]
SQL: SELECT * FROM `center_user_statistics` WHERE ( month=201310 )  [ RunTime:0.001406s ]
SQL: SELECT * FROM `center_user_statistics` WHERE ( month=201309 )  [ RunTime:0.001027s ]
SQL: INSERT INTO `center_user_statistics` (`user_total`,`user_new`,`user_unverified`,`user_active`,`month`) VALUES (0,0,0,0,'201310') [ RunTime:0.096140s ]
SQL: SELECT * FROM `center_user_statistics` WHERE ( `id` = 1 ) LIMIT 1   [ RunTime:0.002752s ]

[ 2013-10-29T18:22:32+08:00 ] 127.0.0.1 /
INFO: [ app_begin ] --START--
INFO: ReadHtmlCache Behavior ::run [ RunTime:0.000464s ]
INFO: [ app_begin ] --END-- [ RunTime:0.000554s ]
SQL: SHOW COLUMNS FROM `center_user_statistics` [ RunTime:0.011423s ]
SQL: SELECT * FROM `center_user_statistics` WHERE ( month=201310 )  [ RunTime:0.001642s ]

[ 2013-10-29T18:22:55+08:00 ] 127.0.0.1 /
INFO: [ app_begin ] --START--
INFO: ReadHtmlCache Behavior ::run [ RunTime:0.000618s ]
INFO: [ app_begin ] --END-- [ RunTime:0.000704s ]
SQL: SHOW COLUMNS FROM `center_user_statistics` [ RunTime:0.011478s ]
SQL: SELECT * FROM `center_user_statistics` WHERE ( month=201310 )  [ RunTime:0.001206s ]

[ 2013-10-29T18:23:15+08:00 ] 127.0.0.1 /
INFO: [ app_begin ] --START--
INFO: ReadHtmlCache Behavior ::run [ RunTime:0.000444s ]
INFO: [ app_begin ] --END-- [ RunTime:0.000533s ]
SQL: SHOW COLUMNS FROM `center_user_statistics` [ RunTime:0.015811s ]
SQL: SELECT * FROM `center_user_statistics` WHERE ( month=201310 )  [ RunTime:0.001209s ]

[ 2013-10-29T18:23:28+08:00 ] 127.0.0.1 /
INFO: [ app_begin ] --START--
INFO: ReadHtmlCache Behavior ::run [ RunTime:0.000452s ]
INFO: [ app_begin ] --END-- [ RunTime:0.000539s ]
SQL: SHOW COLUMNS FROM `center_user_statistics` [ RunTime:0.015116s ]
SQL: SELECT * FROM `center_user_statistics` WHERE ( month=201310 )  [ RunTime:0.001373s ]

[ 2013-10-29T18:24:02+08:00 ] 127.0.0.1 /
INFO: [ app_begin ] --START--
INFO: ReadHtmlCache Behavior ::run [ RunTime:0.000491s ]
INFO: [ app_begin ] --END-- [ RunTime:0.000584s ]
SQL: SHOW COLUMNS FROM `center_user_statistics` [ RunTime:0.013067s ]
SQL: SELECT * FROM `center_user_statistics` WHERE ( month=201310 )  [ RunTime:0.001674s ]

[ 2013-10-29T19:32:17+08:00 ] 127.0.0.1 /
INFO: [ app_begin ] --START--
INFO: ReadHtmlCache Behavior ::run [ RunTime:0.000662s ]
INFO: [ app_begin ] --END-- [ RunTime:0.000758s ]
NOTIC: [4096] Argument 1 passed to UserStatistics::__construct() must be an instance of UserStatisticsModel, none given, called in D:\WWW\center\Lib\Action\IndexAction.class.php on line 9 and defined D:\WWW\center\Lib\Domain\UserStatistics.class.php 第 8 行.
SQL: SHOW COLUMNS FROM `center_user_statistics` [ RunTime:0.014086s ]
SQL: SELECT * FROM `center_user_statistics` WHERE ( month=201310 )  [ RunTime:0.000923s ]

[ 2013-10-29T19:40:55+08:00 ] 127.0.0.1 /
INFO: [ app_begin ] --START--
INFO: ReadHtmlCache Behavior ::run [ RunTime:0.000609s ]
INFO: [ app_begin ] --END-- [ RunTime:0.000708s ]

[ 2013-10-29T19:41:14+08:00 ] 127.0.0.1 /
INFO: [ app_begin ] --START--
INFO: ReadHtmlCache Behavior ::run [ RunTime:0.000546s ]
INFO: [ app_begin ] --END-- [ RunTime:0.000664s ]
SQL: SHOW COLUMNS FROM `center_user_statistics` [ RunTime:0.013805s ]
SQL: SELECT * FROM `center_user_statistics` WHERE ( month=201310 )  [ RunTime:0.001586s ]
NOTIC: [8] Undefined property: UserStatistics::$user_new D:\WWW\center\Lib\Action\IndexAction.class.php 第 6 行.

[ 2013-10-29T19:41:46+08:00 ] 127.0.0.1 /
INFO: [ app_begin ] --START--
INFO: ReadHtmlCache Behavior ::run [ RunTime:0.000465s ]
INFO: [ app_begin ] --END-- [ RunTime:0.000558s ]
SQL: SHOW COLUMNS FROM `center_user_statistics` [ RunTime:0.011331s ]
SQL: SELECT * FROM `center_user_statistics` WHERE ( month=201310 )  [ RunTime:0.001408s ]

[ 2013-10-29T19:42:00+08:00 ] 127.0.0.1 /
INFO: [ app_begin ] --START--
INFO: ReadHtmlCache Behavior ::run [ RunTime:0.000487s ]
INFO: [ app_begin ] --END-- [ RunTime:0.000579s ]
SQL: SHOW COLUMNS FROM `center_user_statistics` [ RunTime:0.009426s ]
SQL: SELECT * FROM `center_user_statistics` WHERE ( month=201310 )  [ RunTime:0.000745s ]

[ 2013-10-29T19:57:44+08:00 ] 127.0.0.1 /
INFO: [ app_begin ] --START--
INFO: ReadHtmlCache Behavior ::run [ RunTime:0.000630s ]
INFO: [ app_begin ] --END-- [ RunTime:0.000736s ]
SQL: SHOW COLUMNS FROM `center_user_statistics` [ RunTime:0.055318s ]
SQL: SELECT * FROM `center_user_statistics` WHERE ( month=201310 )  [ RunTime:0.001767s ]

[ 2013-10-29T20:39:36+08:00 ] 127.0.0.1 /
INFO: [ app_begin ] --START--
INFO: ReadHtmlCache Behavior ::run [ RunTime:0.000662s ]
INFO: [ app_begin ] --END-- [ RunTime:0.000760s ]
SQL: SHOW COLUMNS FROM `center_user_statistics` [ RunTime:0.013582s ]
SQL: SELECT * FROM `center_user_statistics` WHERE ( month=201310 )  [ RunTime:0.001078s ]

