[ 2013-10-24T17:13:42+08:00 ] 127.0.0.1 /
INFO: [ app_begin ] --START--
INFO: ReadHtmlCache Behavior ::run [ RunTime:0.022355s ]
INFO: [ app_begin ] --END-- [ RunTime:0.050112s ]
ERR: Êó†Ê≥ïÂä†ËΩΩÊ®°Âùó:Home

[ 2013-10-24T17:13:48+08:00 ] 127.0.0.1 /
INFO: [ app_begin ] --START--
INFO: ReadHtmlCache Behavior ::run [ RunTime:0.000444s ]
INFO: [ app_begin ] --END-- [ RunTime:0.000533s ]
INFO: [ view_filter ] --START--
NOTIC: [8] Use of undefined constant APP_TMPL_PATH - assumed 'APP_TMPL_PATH' D:\WWW\center\ThinkPHP\Lib\Behavior\ContentReplaceBehavior.class.php Á¨¨ 40 Ë°å.
NOTIC: [8] Use of undefined constant APP_TMPL_PATH - assumed 'APP_TMPL_PATH' D:\WWW\center\ThinkPHP\Lib\Behavior\ContentReplaceBehavior.class.php Á¨¨ 47 Ë°å.
INFO: ContentReplace Behavior ::run [ RunTime:0.002339s ]
INFO: TokenBuild Behavior ::run [ RunTime:0.001247s ]
INFO: WriteHtmlCache Behavior ::run [ RunTime:0.000755s ]
INFO: ShowRuntime Behavior ::run [ RunTime:0.000873s ]
INFO: [ view_filter ] --END-- [ RunTime:0.005428s ]
INFO: [ view_end ] --START--
INFO: ShowPageTrace Behavior ::run [ RunTime:0.000989s ]
INFO: [ view_end ] --END-- [ RunTime:0.001050s ]

[ 2013-10-24T17:13:53+08:00 ] 127.0.0.1 /
INFO: [ app_begin ] --START--
INFO: ReadHtmlCache Behavior ::run [ RunTime:0.000674s ]
INFO: [ app_begin ] --END-- [ RunTime:0.000799s ]
INFO: [ view_filter ] --START--
NOTIC: [8] Use of undefined constant APP_TMPL_PATH - assumed 'APP_TMPL_PATH' D:\WWW\center\ThinkPHP\Lib\Behavior\ContentReplaceBehavior.class.php Á¨¨ 40 Ë°å.
NOTIC: [8] Use of undefined constant APP_TMPL_PATH - assumed 'APP_TMPL_PATH' D:\WWW\center\ThinkPHP\Lib\Behavior\ContentReplaceBehavior.class.php Á¨¨ 47 Ë°å.
INFO: ContentReplace Behavior ::run [ RunTime:0.000492s ]
INFO: TokenBuild Behavior ::run [ RunTime:0.000500s ]
INFO: WriteHtmlCache Behavior ::run [ RunTime:0.000318s ]
INFO: ShowRuntime Behavior ::run [ RunTime:0.000578s ]
INFO: [ view_filter ] --END-- [ RunTime:0.002134s ]
INFO: [ view_end ] --START--
INFO: ShowPageTrace Behavior ::run [ RunTime:0.000705s ]
INFO: [ view_end ] --END-- [ RunTime:0.000789s ]

[ 2013-10-24T17:14:19+08:00 ] 127.0.0.1 /
INFO: [ app_begin ] --START--
INFO: ReadHtmlCache Behavior ::run [ RunTime:0.000751s ]
INFO: [ app_begin ] --END-- [ RunTime:0.000894s ]
INFO: [ view_filter ] --START--
NOTIC: [8] Use of undefined constant APP_TMPL_PATH - assumed 'APP_TMPL_PATH' D:\WWW\center\ThinkPHP\Lib\Behavior\ContentReplaceBehavior.class.php Á¨¨ 40 Ë°å.
NOTIC: [8] Use of undefined constant APP_TMPL_PATH - assumed 'APP_TMPL_PATH' D:\WWW\center\ThinkPHP\Lib\Behavior\ContentReplaceBehavior.class.php Á¨¨ 47 Ë°å.
INFO: ContentReplace Behavior ::run [ RunTime:0.000582s ]
INFO: TokenBuild Behavior ::run [ RunTime:0.000491s ]
INFO: WriteHtmlCache Behavior ::run [ RunTime:0.000364s ]
INFO: ShowRuntime Behavior ::run [ RunTime:0.000938s ]
INFO: [ view_filter ] --END-- [ RunTime:0.002763s ]
INFO: [ view_end ] --START--
INFO: ShowPageTrace Behavior ::run [ RunTime:0.000949s ]
INFO: [ view_end ] --END-- [ RunTime:0.001079s ]

[ 2013-10-24T17:14:29+08:00 ] 127.0.0.1 /
INFO: [ app_begin ] --START--
INFO: ReadHtmlCache Behavior ::run [ RunTime:0.000463s ]
INFO: [ app_begin ] --END-- [ RunTime:0.000553s ]
INFO: [ view_filter ] --START--
NOTIC: [8] Use of undefined constant APP_TMPL_PATH - assumed 'APP_TMPL_PATH' D:\WWW\center\ThinkPHP\Lib\Behavior\ContentReplaceBehavior.class.php Á¨¨ 40 Ë°å.
NOTIC: [8] Use of undefined constant APP_TMPL_PATH - assumed 'APP_TMPL_PATH' D:\WWW\center\ThinkPHP\Lib\Behavior\ContentReplaceBehavior.class.php Á¨¨ 47 Ë°å.
INFO: ContentReplace Behavior ::run [ RunTime:0.000418s ]
INFO: TokenBuild Behavior ::run [ RunTime:0.000457s ]
INFO: WriteHtmlCache Behavior ::run [ RunTime:0.000346s ]
INFO: ShowRuntime Behavior ::run [ RunTime:0.000401s ]
INFO: [ view_filter ] --END-- [ RunTime:0.001831s ]
INFO: [ view_end ] --START--
INFO: ShowPageTrace Behavior ::run [ RunTime:0.000487s ]
INFO: [ view_end ] --END-- [ RunTime:0.000542s ]

[ 2013-10-24T17:14:48+08:00 ] 127.0.0.1 /
INFO: [ app_begin ] --START--
INFO: ReadHtmlCache Behavior ::run [ RunTime:0.000605s ]
INFO: [ app_begin ] --END-- [ RunTime:0.000712s ]

[ 2013-10-24T17:15:22+08:00 ] 127.0.0.1 /
INFO: [ app_begin ] --START--
INFO: ReadHtmlCache Behavior ::run [ RunTime:0.000479s ]
INFO: [ app_begin ] --END-- [ RunTime:0.000567s ]
NOTIC: [2] Memcache::connect() expects parameter 3 to be long, string given D:\WWW\center\Lib\System\System.class.php Á¨¨ 31 Ë°å.
NOTIC: [2] Memcache::set() [<a href='memcache.set'>memcache.set</a>]: No servers added to memcache connection D:\WWW\center\Lib\Action\IndexAction.class.php Á¨¨ 7 Ë°å.
NOTIC: [8] Undefined index: tiket D:\WWW\center\Lib\System\System.class.php Á¨¨ 19 Ë°å.

[ 2013-10-24T17:16:30+08:00 ] 127.0.0.1 /
INFO: [ app_begin ] --START--
INFO: ReadHtmlCache Behavior ::run [ RunTime:0.001045s ]
INFO: [ app_begin ] --END-- [ RunTime:0.001184s ]
NOTIC: [2] Memcache::connect() expects parameter 3 to be long, string given D:\WWW\center\Lib\System\System.class.php Á¨¨ 31 Ë°å.
NOTIC: [2] Memcache::set() [<a href='memcache.set'>memcache.set</a>]: No servers added to memcache connection D:\WWW\center\Lib\Action\IndexAction.class.php Á¨¨ 7 Ë°å.
NOTIC: [2] Memcache::get() [<a href='memcache.get'>memcache.get</a>]: No servers added to memcache connection D:\WWW\center\Lib\System\System.class.php Á¨¨ 20 Ë°å.

[ 2013-10-24T17:16:41+08:00 ] 127.0.0.1 /
INFO: [ app_begin ] --START--
INFO: ReadHtmlCache Behavior ::run [ RunTime:0.000464s ]
INFO: [ app_begin ] --END-- [ RunTime:0.000551s ]
NOTIC: [2] Memcache::connect() expects parameter 3 to be long, string given D:\WWW\center\Lib\System\System.class.php Á¨¨ 31 Ë°å.
NOTIC: [2] Memcache::set() [<a href='memcache.set'>memcache.set</a>]: No servers added to memcache connection D:\WWW\center\Lib\Action\IndexAction.class.php Á¨¨ 7 Ë°å.
NOTIC: [2] Memcache::get() [<a href='memcache.get'>memcache.get</a>]: No servers added to memcache connection D:\WWW\center\Lib\System\System.class.php Á¨¨ 20 Ë°å.

[ 2013-10-24T17:16:48+08:00 ] 127.0.0.1 /
INFO: [ app_begin ] --START--
INFO: ReadHtmlCache Behavior ::run [ RunTime:0.000451s ]
INFO: [ app_begin ] --END-- [ RunTime:0.000545s ]
NOTIC: [2] Memcache::connect() expects parameter 3 to be long, string given D:\WWW\center\Lib\System\System.class.php Á¨¨ 31 Ë°å.
NOTIC: [2] Memcache::set() [<a href='memcache.set'>memcache.set</a>]: No servers added to memcache connection D:\WWW\center\Lib\Action\IndexAction.class.php Á¨¨ 7 Ë°å.
NOTIC: [2] Memcache::get() [<a href='memcache.get'>memcache.get</a>]: No servers added to memcache connection D:\WWW\center\Lib\System\System.class.php Á¨¨ 20 Ë°å.

[ 2013-10-24T17:17:06+08:00 ] 127.0.0.1 /
INFO: [ app_begin ] --START--
INFO: ReadHtmlCache Behavior ::run [ RunTime:0.000778s ]
INFO: [ app_begin ] --END-- [ RunTime:0.000921s ]

[ 2013-10-24T17:18:50+08:00 ] 127.0.0.1 /
INFO: [ app_begin ] --START--
INFO: ReadHtmlCache Behavior ::run [ RunTime:0.000983s ]
INFO: [ app_begin ] --END-- [ RunTime:0.001125s ]

[ 2013-10-24T17:19:05+08:00 ] 127.0.0.1 /
INFO: [ app_begin ] --START--
INFO: ReadHtmlCache Behavior ::run [ RunTime:0.000522s ]
INFO: [ app_begin ] --END-- [ RunTime:0.000615s ]
NOTIC: [2] Memcache::connect() expects parameter 3 to be long, string given D:\WWW\center\Lib\System\System.class.php Á¨¨ 31 Ë°å.
NOTIC: [2] Memcache::set() [<a href='memcache.set'>memcache.set</a>]: No servers added to memcache connection D:\WWW\center\Lib\Action\IndexAction.class.php Á¨¨ 7 Ë°å.
NOTIC: [2] Memcache::get() [<a href='memcache.get'>memcache.get</a>]: No servers added to memcache connection D:\WWW\center\Lib\System\System.class.php Á¨¨ 20 Ë°å.

[ 2013-10-24T17:19:08+08:00 ] 127.0.0.1 /
INFO: [ app_begin ] --START--
INFO: ReadHtmlCache Behavior ::run [ RunTime:0.000461s ]
INFO: [ app_begin ] --END-- [ RunTime:0.000546s ]
NOTIC: [2] Memcache::connect() expects parameter 3 to be long, string given D:\WWW\center\Lib\System\System.class.php Á¨¨ 31 Ë°å.
NOTIC: [2] Memcache::set() [<a href='memcache.set'>memcache.set</a>]: No servers added to memcache connection D:\WWW\center\Lib\Action\IndexAction.class.php Á¨¨ 7 Ë°å.
NOTIC: [2] Memcache::get() [<a href='memcache.get'>memcache.get</a>]: No servers added to memcache connection D:\WWW\center\Lib\System\System.class.php Á¨¨ 20 Ë°å.

[ 2013-10-24T17:19:41+08:00 ] 127.0.0.1 /
INFO: [ app_begin ] --START--
INFO: ReadHtmlCache Behavior ::run [ RunTime:0.000674s ]
INFO: [ app_begin ] --END-- [ RunTime:0.000804s ]
NOTIC: [2] Memcache::connect() expects parameter 3 to be long, string given D:\WWW\center\Lib\System\System.class.php Á¨¨ 31 Ë°å.
NOTIC: [2] Memcache::set() [<a href='memcache.set'>memcache.set</a>]: No servers added to memcache connection D:\WWW\center\Lib\Action\IndexAction.class.php Á¨¨ 7 Ë°å.
NOTIC: [2] Memcache::get() [<a href='memcache.get'>memcache.get</a>]: No servers added to memcache connection D:\WWW\center\Lib\System\System.class.php Á¨¨ 20 Ë°å.

[ 2013-10-24T17:22:55+08:00 ] 127.0.0.1 /
INFO: [ app_begin ] --START--
INFO: ReadHtmlCache Behavior ::run [ RunTime:0.000976s ]
INFO: [ app_begin ] --END-- [ RunTime:0.001117s ]
NOTIC: [2] Memcache::connect() [<a href='memcache.connect'>memcache.connect</a>]: php_network_getaddresses: getaddrinfo failed: ≤ª÷™µ¿’‚—˘µƒ÷˜ª˙°£  D:\WWW\center\Lib\Action\IndexAction.class.php Á¨¨ 10 Ë°å.
NOTIC: [8] Memcache::connect() [<a href='memcache.connect'>memcache.connect</a>]: Server memcache_host (tcp 11211) failed with: php_network_getaddresses: getaddrinfo failed: ≤ª÷™µ¿’‚—˘µƒ÷˜ª˙°£  (0) D:\WWW\center\Lib\Action\IndexAction.class.php Á¨¨ 10 Ë°å.
NOTIC: [2] Memcache::connect() [<a href='memcache.connect'>memcache.connect</a>]: Can't connect to memcache_host:11211, php_network_getaddresses: getaddrinfo failed: ≤ª÷™µ¿’‚—˘µƒ÷˜ª˙°£  (0) D:\WWW\center\Lib\Action\IndexAction.class.php Á¨¨ 10 Ë°å.
NOTIC: [2] Memcache::set() [<a href='memcache.set'>memcache.set</a>]: No servers added to memcache connection D:\WWW\center\Lib\Action\IndexAction.class.php Á¨¨ 16 Ë°å.
NOTIC: [2] Memcache::get() [<a href='memcache.get'>memcache.get</a>]: No servers added to memcache connection D:\WWW\center\Lib\Action\IndexAction.class.php Á¨¨ 18 Ë°å.
NOTIC: [2] Memcache::connect() expects parameter 3 to be long, string given D:\WWW\center\Lib\System\System.class.php Á¨¨ 31 Ë°å.
NOTIC: [2] Memcache::set() [<a href='memcache.set'>memcache.set</a>]: No servers added to memcache connection D:\WWW\center\Lib\Action\IndexAction.class.php Á¨¨ 21 Ë°å.
NOTIC: [2] Memcache::get() [<a href='memcache.get'>memcache.get</a>]: No servers added to memcache connection D:\WWW\center\Lib\System\System.class.php Á¨¨ 20 Ë°å.

[ 2013-10-24T17:23:24+08:00 ] 127.0.0.1 /
INFO: [ app_begin ] --START--
INFO: ReadHtmlCache Behavior ::run [ RunTime:0.000674s ]
INFO: [ app_begin ] --END-- [ RunTime:0.000819s ]
NOTIC: [2] Memcache::connect() expects parameter 3 to be long, string given D:\WWW\center\Lib\System\System.class.php Á¨¨ 31 Ë°å.
NOTIC: [2] Memcache::set() [<a href='memcache.set'>memcache.set</a>]: No servers added to memcache connection D:\WWW\center\Lib\Action\IndexAction.class.php Á¨¨ 21 Ë°å.
NOTIC: [2] Memcache::get() [<a href='memcache.get'>memcache.get</a>]: No servers added to memcache connection D:\WWW\center\Lib\System\System.class.php Á¨¨ 20 Ë°å.

[ 2013-10-24T17:23:54+08:00 ] 127.0.0.1 /
INFO: [ app_begin ] --START--
INFO: ReadHtmlCache Behavior ::run [ RunTime:0.000477s ]
INFO: [ app_begin ] --END-- [ RunTime:0.000570s ]
NOTIC: [2] Memcache::connect() expects parameter 3 to be long, string given D:\WWW\center\Lib\System\System.class.php Á¨¨ 31 Ë°å.
NOTIC: [2] Memcache::set() [<a href='memcache.set'>memcache.set</a>]: No servers added to memcache connection D:\WWW\center\Lib\Action\IndexAction.class.php Á¨¨ 21 Ë°å.
NOTIC: [2] Memcache::get() [<a href='memcache.get'>memcache.get</a>]: No servers added to memcache connection D:\WWW\center\Lib\System\System.class.php Á¨¨ 20 Ë°å.

[ 2013-10-24T17:23:57+08:00 ] 127.0.0.1 /
INFO: [ app_begin ] --START--
INFO: ReadHtmlCache Behavior ::run [ RunTime:0.000466s ]
INFO: [ app_begin ] --END-- [ RunTime:0.000555s ]
NOTIC: [2] Memcache::connect() expects parameter 3 to be long, string given D:\WWW\center\Lib\System\System.class.php Á¨¨ 31 Ë°å.
NOTIC: [2] Memcache::set() [<a href='memcache.set'>memcache.set</a>]: No servers added to memcache connection D:\WWW\center\Lib\Action\IndexAction.class.php Á¨¨ 21 Ë°å.
NOTIC: [2] Memcache::get() [<a href='memcache.get'>memcache.get</a>]: No servers added to memcache connection D:\WWW\center\Lib\System\System.class.php Á¨¨ 20 Ë°å.

[ 2013-10-24T17:24:29+08:00 ] 127.0.0.1 /
INFO: [ app_begin ] --START--
INFO: ReadHtmlCache Behavior ::run [ RunTime:0.000450s ]
INFO: [ app_begin ] --END-- [ RunTime:0.000551s ]
NOTIC: [2] Memcache::connect() expects parameter 3 to be long, string given D:\WWW\center\Lib\System\System.class.php Á¨¨ 31 Ë°å.
NOTIC: [2] Memcache::set() [<a href='memcache.set'>memcache.set</a>]: No servers added to memcache connection D:\WWW\center\Lib\Action\IndexAction.class.php Á¨¨ 10 Ë°å.
NOTIC: [2] Memcache::get() [<a href='memcache.get'>memcache.get</a>]: No servers added to memcache connection D:\WWW\center\Lib\System\System.class.php Á¨¨ 20 Ë°å.

[ 2013-10-24T17:25:03+08:00 ] 127.0.0.1 /
INFO: [ app_begin ] --START--
INFO: ReadHtmlCache Behavior ::run [ RunTime:0.001418s ]
INFO: [ app_begin ] --END-- [ RunTime:0.001573s ]
NOTIC: [2] Memcache::connect() expects parameter 3 to be long, string given D:\WWW\center\Lib\System\System.class.php Á¨¨ 31 Ë°å.
NOTIC: [2] Memcache::set() [<a href='memcache.set'>memcache.set</a>]: No servers added to memcache connection D:\WWW\center\Lib\Action\IndexAction.class.php Á¨¨ 10 Ë°å.
NOTIC: [2] Memcache::get() [<a href='memcache.get'>memcache.get</a>]: No servers added to memcache connection D:\WWW\center\Lib\System\System.class.php Á¨¨ 20 Ë°å.

[ 2013-10-24T17:25:14+08:00 ] 127.0.0.1 /
INFO: [ app_begin ] --START--
INFO: ReadHtmlCache Behavior ::run [ RunTime:0.000453s ]
INFO: [ app_begin ] --END-- [ RunTime:0.000565s ]
NOTIC: [2] Memcache::connect() expects parameter 3 to be long, string given D:\WWW\center\Lib\System\System.class.php Á¨¨ 31 Ë°å.
NOTIC: [2] Memcache::set() [<a href='memcache.set'>memcache.set</a>]: No servers added to memcache connection D:\WWW\center\Lib\Action\IndexAction.class.php Á¨¨ 10 Ë°å.
NOTIC: [2] Memcache::get() [<a href='memcache.get'>memcache.get</a>]: No servers added to memcache connection D:\WWW\center\Lib\System\System.class.php Á¨¨ 20 Ë°å.

[ 2013-10-24T17:25:53+08:00 ] 127.0.0.1 /
INFO: [ app_begin ] --START--
INFO: ReadHtmlCache Behavior ::run [ RunTime:0.000756s ]
INFO: [ app_begin ] --END-- [ RunTime:0.000911s ]
NOTIC: [2] Memcache::connect() expects parameter 3 to be long, string given D:\WWW\center\Lib\System\System.class.php Á¨¨ 31 Ë°å.
NOTIC: [2] Memcache::set() [<a href='memcache.set'>memcache.set</a>]: No servers added to memcache connection D:\WWW\center\Lib\Action\IndexAction.class.php Á¨¨ 10 Ë°å.
NOTIC: [2] Memcache::get() [<a href='memcache.get'>memcache.get</a>]: No servers added to memcache connection D:\WWW\center\Lib\System\System.class.php Á¨¨ 20 Ë°å.

[ 2013-10-24T17:26:36+08:00 ] 127.0.0.1 /
INFO: [ app_begin ] --START--
INFO: ReadHtmlCache Behavior ::run [ RunTime:0.000466s ]
INFO: [ app_begin ] --END-- [ RunTime:0.000554s ]
NOTIC: [2] Memcache::connect() expects parameter 3 to be long, string given D:\WWW\center\Lib\System\System.class.php Á¨¨ 34 Ë°å.
NOTIC: [2] Memcache::set() [<a href='memcache.set'>memcache.set</a>]: No servers added to memcache connection D:\WWW\center\Lib\Action\IndexAction.class.php Á¨¨ 10 Ë°å.
NOTIC: [2] Memcache::get() [<a href='memcache.get'>memcache.get</a>]: No servers added to memcache connection D:\WWW\center\Lib\System\System.class.php Á¨¨ 22 Ë°å.

[ 2013-10-24T17:27:23+08:00 ] 127.0.0.1 /
INFO: [ app_begin ] --START--
INFO: ReadHtmlCache Behavior ::run [ RunTime:0.000654s ]
INFO: [ app_begin ] --END-- [ RunTime:0.000745s ]
NOTIC: [2] Memcache::connect() expects parameter 3 to be long, string given D:\WWW\center\Lib\System\System.class.php Á¨¨ 35 Ë°å.
NOTIC: [2] Memcache::set() [<a href='memcache.set'>memcache.set</a>]: No servers added to memcache connection D:\WWW\center\Lib\Action\IndexAction.class.php Á¨¨ 10 Ë°å.
NOTIC: [2] Memcache::get() [<a href='memcache.get'>memcache.get</a>]: No servers added to memcache connection D:\WWW\center\Lib\System\System.class.php Á¨¨ 22 Ë°å.

[ 2013-10-24T17:31:24+08:00 ] 127.0.0.1 /
INFO: [ app_begin ] --START--
INFO: ReadHtmlCache Behavior ::run [ RunTime:0.000670s ]
INFO: [ app_begin ] --END-- [ RunTime:0.000763s ]
NOTIC: [2] Memcache::connect() expects parameter 3 to be long, string given D:\WWW\center\Lib\System\System.class.php Á¨¨ 35 Ë°å.
NOTIC: [2] Memcache::set() [<a href='memcache.set'>memcache.set</a>]: No servers added to memcache connection D:\WWW\center\Lib\Action\IndexAction.class.php Á¨¨ 10 Ë°å.
NOTIC: [2] Memcache::get() [<a href='memcache.get'>memcache.get</a>]: No servers added to memcache connection D:\WWW\center\Lib\Action\IndexAction.class.php Á¨¨ 13 Ë°å.

[ 2013-10-24T17:33:13+08:00 ] 127.0.0.1 /
INFO: [ app_begin ] --START--
INFO: ReadHtmlCache Behavior ::run [ RunTime:0.000472s ]
INFO: [ app_begin ] --END-- [ RunTime:0.000565s ]
NOTIC: [2] Memcache::connect() [<a href='memcache.connect'>memcache.connect</a>]: php_network_getaddresses: getaddrinfo failed: ≤ª÷™µ¿’‚—˘µƒ÷˜ª˙°£  D:\WWW\center\Lib\Action\IndexAction.class.php Á¨¨ 10 Ë°å.
NOTIC: [8] Memcache::connect() [<a href='memcache.connect'>memcache.connect</a>]: Server memcache_host (tcp 11211) failed with: php_network_getaddresses: getaddrinfo failed: ≤ª÷™µ¿’‚—˘µƒ÷˜ª˙°£  (0) D:\WWW\center\Lib\Action\IndexAction.class.php Á¨¨ 10 Ë°å.
NOTIC: [2] Memcache::connect() [<a href='memcache.connect'>memcache.connect</a>]: Can't connect to memcache_host:11211, php_network_getaddresses: getaddrinfo failed: ≤ª÷™µ¿’‚—˘µƒ÷˜ª˙°£  (0) D:\WWW\center\Lib\Action\IndexAction.class.php Á¨¨ 10 Ë°å.
NOTIC: [2] Memcache::set() [<a href='memcache.set'>memcache.set</a>]: No servers added to memcache connection D:\WWW\center\Lib\Action\IndexAction.class.php Á¨¨ 16 Ë°å.
NOTIC: [2] Memcache::get() [<a href='memcache.get'>memcache.get</a>]: No servers added to memcache connection D:\WWW\center\Lib\Action\IndexAction.class.php Á¨¨ 18 Ë°å.

[ 2013-10-24T17:33:29+08:00 ] 127.0.0.1 /
INFO: [ app_begin ] --START--
INFO: ReadHtmlCache Behavior ::run [ RunTime:0.000985s ]
INFO: [ app_begin ] --END-- [ RunTime:0.001120s ]

[ 2013-10-24T17:33:50+08:00 ] 127.0.0.1 /
INFO: [ app_begin ] --START--
INFO: ReadHtmlCache Behavior ::run [ RunTime:0.000448s ]
INFO: [ app_begin ] --END-- [ RunTime:0.000534s ]

[ 2013-10-24T17:37:35+08:00 ] 127.0.0.1 /
INFO: [ app_begin ] --START--
INFO: ReadHtmlCache Behavior ::run [ RunTime:0.001084s ]
INFO: [ app_begin ] --END-- [ RunTime:0.001227s ]

[ 2013-10-24T17:37:36+08:00 ] 127.0.0.1 /
INFO: [ app_begin ] --START--
INFO: ReadHtmlCache Behavior ::run [ RunTime:0.000536s ]
INFO: [ app_begin ] --END-- [ RunTime:0.000630s ]

[ 2013-10-24T17:40:11+08:00 ] 127.0.0.1 /
INFO: [ app_begin ] --START--
INFO: ReadHtmlCache Behavior ::run [ RunTime:0.000973s ]
INFO: [ app_begin ] --END-- [ RunTime:0.001105s ]
NOTIC: [2] Memcache::connect() expects parameter 3 to be long, string given D:\WWW\center\Lib\System\System.class.php Á¨¨ 35 Ë°å.
NOTIC: [2] Memcache::set() [<a href='memcache.set'>memcache.set</a>]: No servers added to memcache connection D:\WWW\center\Lib\Action\IndexAction.class.php Á¨¨ 12 Ë°å.

[ 2013-10-24T17:40:29+08:00 ] 127.0.0.1 /
INFO: [ app_begin ] --START--
INFO: ReadHtmlCache Behavior ::run [ RunTime:0.000459s ]
INFO: [ app_begin ] --END-- [ RunTime:0.000547s ]
NOTIC: [2] Memcache::connect() expects parameter 3 to be long, string given D:\WWW\center\Lib\System\System.class.php Á¨¨ 35 Ë°å.
NOTIC: [2] Memcache::set() [<a href='memcache.set'>memcache.set</a>]: No servers added to memcache connection D:\WWW\center\Lib\Action\IndexAction.class.php Á¨¨ 12 Ë°å.

[ 2013-10-24T17:40:40+08:00 ] 127.0.0.1 /
INFO: [ app_begin ] --START--
INFO: ReadHtmlCache Behavior ::run [ RunTime:0.000453s ]
INFO: [ app_begin ] --END-- [ RunTime:0.000541s ]
NOTIC: [2] Memcache::connect() expects parameter 3 to be long, string given D:\WWW\center\Lib\System\System.class.php Á¨¨ 35 Ë°å.
NOTIC: [2] Memcache::set() [<a href='memcache.set'>memcache.set</a>]: No servers added to memcache connection D:\WWW\center\Lib\Action\IndexAction.class.php Á¨¨ 12 Ë°å.
NOTIC: [2] Memcache::get() [<a href='memcache.get'>memcache.get</a>]: No servers added to memcache connection D:\WWW\center\Lib\Action\IndexAction.class.php Á¨¨ 15 Ë°å.

[ 2013-10-24T17:40:50+08:00 ] 127.0.0.1 /
INFO: [ app_begin ] --START--
INFO: ReadHtmlCache Behavior ::run [ RunTime:0.000846s ]
INFO: [ app_begin ] --END-- [ RunTime:0.000971s ]
NOTIC: [2] Memcache::connect() expects parameter 3 to be long, string given D:\WWW\center\Lib\System\System.class.php Á¨¨ 35 Ë°å.
NOTIC: [2] Memcache::set() [<a href='memcache.set'>memcache.set</a>]: No servers added to memcache connection D:\WWW\center\Lib\Action\IndexAction.class.php Á¨¨ 12 Ë°å.
NOTIC: [2] Memcache::get() [<a href='memcache.get'>memcache.get</a>]: No servers added to memcache connection D:\WWW\center\Lib\Action\IndexAction.class.php Á¨¨ 15 Ë°å.

[ 2013-10-24T17:41:12+08:00 ] 127.0.0.1 /
INFO: [ app_begin ] --START--
INFO: ReadHtmlCache Behavior ::run [ RunTime:0.000463s ]
INFO: [ app_begin ] --END-- [ RunTime:0.000547s ]

[ 2013-10-24T17:42:11+08:00 ] 127.0.0.1 /
INFO: [ app_begin ] --START--
INFO: ReadHtmlCache Behavior ::run [ RunTime:0.000581s ]
INFO: [ app_begin ] --END-- [ RunTime:0.000691s ]

[ 2013-10-24T17:42:33+08:00 ] 127.0.0.1 /
INFO: [ app_begin ] --START--
INFO: ReadHtmlCache Behavior ::run [ RunTime:0.000684s ]
INFO: [ app_begin ] --END-- [ RunTime:0.000811s ]

[ 2013-10-24T17:43:01+08:00 ] 127.0.0.1 /
INFO: [ app_begin ] --START--
INFO: ReadHtmlCache Behavior ::run [ RunTime:0.000464s ]
INFO: [ app_begin ] --END-- [ RunTime:0.000558s ]

[ 2013-10-24T17:43:38+08:00 ] 127.0.0.1 /
INFO: [ app_begin ] --START--
INFO: ReadHtmlCache Behavior ::run [ RunTime:0.000624s ]
INFO: [ app_begin ] --END-- [ RunTime:0.000739s ]

[ 2013-10-24T17:44:40+08:00 ] 127.0.0.1 /
INFO: [ app_begin ] --START--
INFO: ReadHtmlCache Behavior ::run [ RunTime:0.001287s ]
INFO: [ app_begin ] --END-- [ RunTime:0.001674s ]

[ 2013-10-24T17:44:55+08:00 ] 127.0.0.1 /
INFO: [ app_begin ] --START--
INFO: ReadHtmlCache Behavior ::run [ RunTime:0.000452s ]
INFO: [ app_begin ] --END-- [ RunTime:0.000542s ]

[ 2013-10-24T17:44:58+08:00 ] 127.0.0.1 /
INFO: [ app_begin ] --START--
INFO: ReadHtmlCache Behavior ::run [ RunTime:0.000594s ]
INFO: [ app_begin ] --END-- [ RunTime:0.000742s ]

[ 2013-10-24T17:44:59+08:00 ] 127.0.0.1 /
INFO: [ app_begin ] --START--
INFO: ReadHtmlCache Behavior ::run [ RunTime:0.000463s ]
INFO: [ app_begin ] --END-- [ RunTime:0.000552s ]

[ 2013-10-24T17:46:15+08:00 ] 127.0.0.1 /
INFO: [ app_begin ] --START--
INFO: ReadHtmlCache Behavior ::run [ RunTime:0.000451s ]
INFO: [ app_begin ] --END-- [ RunTime:0.000540s ]

[ 2013-10-24T18:04:51+08:00 ] 127.0.0.1 /
INFO: [ app_begin ] --START--
INFO: ReadHtmlCache Behavior ::run [ RunTime:0.000768s ]
INFO: [ app_begin ] --END-- [ RunTime:0.000889s ]

[ 2013-10-24T18:05:27+08:00 ] 127.0.0.1 /
INFO: [ app_begin ] --START--
INFO: ReadHtmlCache Behavior ::run [ RunTime:0.000663s ]
INFO: [ app_begin ] --END-- [ RunTime:0.000780s ]

[ 2013-10-24T18:06:01+08:00 ] 127.0.0.1 /
INFO: [ app_begin ] --START--
INFO: ReadHtmlCache Behavior ::run [ RunTime:0.000716s ]
INFO: [ app_begin ] --END-- [ RunTime:0.000831s ]

[ 2013-10-24T18:08:09+08:00 ] 127.0.0.1 /
INFO: [ app_begin ] --START--
INFO: ReadHtmlCache Behavior ::run [ RunTime:0.001111s ]
INFO: [ app_begin ] --END-- [ RunTime:0.001263s ]

[ 2013-10-24T18:09:11+08:00 ] 127.0.0.1 /
INFO: [ app_begin ] --START--
INFO: ReadHtmlCache Behavior ::run [ RunTime:0.000845s ]
INFO: [ app_begin ] --END-- [ RunTime:0.000991s ]

[ 2013-10-24T18:10:16+08:00 ] 127.0.0.1 /
INFO: [ app_begin ] --START--
INFO: ReadHtmlCache Behavior ::run [ RunTime:0.001012s ]
INFO: [ app_begin ] --END-- [ RunTime:0.001153s ]

[ 2013-10-24T22:53:25+08:00 ] 127.0.0.1 /
INFO: [ app_begin ] --START--
INFO: ReadHtmlCache Behavior ::run [ RunTime:0.001113s ]
INFO: [ app_begin ] --END-- [ RunTime:0.001218s ]

[ 2013-10-24T22:53:27+08:00 ] 127.0.0.1 /
INFO: [ app_begin ] --START--
INFO: ReadHtmlCache Behavior ::run [ RunTime:0.000687s ]
INFO: [ app_begin ] --END-- [ RunTime:0.000817s ]

[ 2013-10-24T22:53:28+08:00 ] 127.0.0.1 /
INFO: [ app_begin ] --START--
INFO: ReadHtmlCache Behavior ::run [ RunTime:0.000465s ]
INFO: [ app_begin ] --END-- [ RunTime:0.000553s ]

[ 2013-10-24T22:53:30+08:00 ] 127.0.0.1 /
INFO: [ app_begin ] --START--
INFO: ReadHtmlCache Behavior ::run [ RunTime:0.000511s ]
INFO: [ app_begin ] --END-- [ RunTime:0.000605s ]

[ 2013-10-24T22:53:31+08:00 ] 127.0.0.1 /
INFO: [ app_begin ] --START--
INFO: ReadHtmlCache Behavior ::run [ RunTime:0.000700s ]
INFO: [ app_begin ] --END-- [ RunTime:0.000839s ]

