[ 2013-10-25T16:39:42+08:00 ] 127.0.0.1 /
INFO: [ app_begin ] --START--
INFO: ReadHtmlCache Behavior ::run [ RunTime:0.000739s ]
INFO: [ app_begin ] --END-- [ RunTime:0.000851s ]
NOTIC: [8] Undefined index: tiket D:\WWW\center\Lib\System\System.class.php 第 19 行.

[ 2013-10-25T16:41:39+08:00 ] 127.0.0.1 /
INFO: [ app_begin ] --START--
INFO: ReadHtmlCache Behavior ::run [ RunTime:0.000627s ]
INFO: [ app_begin ] --END-- [ RunTime:0.000721s ]
NOTIC: [8] Undefined index: tiket D:\WWW\center\Lib\System\System.class.php 第 19 行.

[ 2013-10-25T16:41:47+08:00 ] 127.0.0.1 /
INFO: [ app_begin ] --START--
INFO: ReadHtmlCache Behavior ::run [ RunTime:0.000454s ]
INFO: [ app_begin ] --END-- [ RunTime:0.000547s ]
NOTIC: [8] Undefined index: tiket D:\WWW\center\Lib\System\System.class.php 第 19 行.

[ 2013-10-25T16:41:49+08:00 ] 127.0.0.1 /
INFO: [ app_begin ] --START--
INFO: ReadHtmlCache Behavior ::run [ RunTime:0.000670s ]
INFO: [ app_begin ] --END-- [ RunTime:0.000794s ]
NOTIC: [8] Undefined index: tiket D:\WWW\center\Lib\System\System.class.php 第 19 行.

[ 2013-10-25T16:42:28+08:00 ] 127.0.0.1 /
INFO: [ app_begin ] --START--
INFO: ReadHtmlCache Behavior ::run [ RunTime:0.000687s ]
INFO: [ app_begin ] --END-- [ RunTime:0.000820s ]
NOTIC: [8] Undefined index: tiket D:\WWW\center\Lib\System\System.class.php 第 19 行.

[ 2013-10-25T16:42:37+08:00 ] 127.0.0.1 /
INFO: [ app_begin ] --START--
INFO: ReadHtmlCache Behavior ::run [ RunTime:0.000444s ]
INFO: [ app_begin ] --END-- [ RunTime:0.000530s ]
NOTIC: [8] Undefined index: tiket D:\WWW\center\Lib\System\System.class.php 第 19 行.

[ 2013-10-25T17:06:18+08:00 ] 127.0.0.1 /
INFO: [ app_begin ] --START--
INFO: ReadHtmlCache Behavior ::run [ RunTime:0.000640s ]
INFO: [ app_begin ] --END-- [ RunTime:0.000735s ]

[ 2013-10-25T17:07:20+08:00 ] 127.0.0.1 /
INFO: [ app_begin ] --START--
INFO: ReadHtmlCache Behavior ::run [ RunTime:0.000628s ]
INFO: [ app_begin ] --END-- [ RunTime:0.000724s ]

[ 2013-10-25T23:41:55+08:00 ] 127.0.0.1 /
INFO: [ app_begin ] --START--
INFO: ReadHtmlCache Behavior ::run [ RunTime:0.000924s ]
INFO: [ app_begin ] --END-- [ RunTime:0.001059s ]

[ 2013-10-25T23:42:13+08:00 ] 127.0.0.1 /
INFO: [ app_begin ] --START--
INFO: ReadHtmlCache Behavior ::run [ RunTime:0.000454s ]
INFO: [ app_begin ] --END-- [ RunTime:0.000559s ]

[ 2013-10-25T23:42:26+08:00 ] 127.0.0.1 /
INFO: [ app_begin ] --START--
INFO: ReadHtmlCache Behavior ::run [ RunTime:0.000456s ]
INFO: [ app_begin ] --END-- [ RunTime:0.000544s ]

[ 2013-10-25T23:43:20+08:00 ] 127.0.0.1 /
INFO: [ app_begin ] --START--
INFO: ReadHtmlCache Behavior ::run [ RunTime:0.000455s ]
INFO: [ app_begin ] --END-- [ RunTime:0.000543s ]

